2018-08-31 14:31:10,436 [Worker-5: Loading available Gradle versions] INFO  c.g.t.t.d.PublishedGradleVersions - Gradle version information cache is out-of-date. Trying to update.
2018-08-31 14:31:42,671 [Worker-9: Importing Maven projects] INFO  o.e.m.c.i.l.LifecycleMappingFactory - Using org.eclipse.m2e.jdt.JarLifecycleMapping lifecycle mapping for MavenProject: com.example:JobList:0.0.1-SNAPSHOT @ D:\Dropbox\Programming Courses\WOZ U\JAVA\TeamFinalProject\SchufferMergedProject\Sh_Java_Merge\Sh_Java_Merge-master\pom.xml.
2018-08-31 14:31:45,477 [Worker-9: Importing Maven projects] INFO  o.e.m.j.i.AbstractJavaProjectConfigurator - Adding source folder /Sh_Java_Merge-master/src/main/java
2018-08-31 14:31:45,477 [Worker-9: Importing Maven projects] INFO  o.e.m.j.i.AbstractJavaProjectConfigurator - Adding resource folder /Sh_Java_Merge-master/src/main/resources
2018-08-31 14:31:45,486 [Worker-9: Importing Maven projects] INFO  o.e.m.j.i.AbstractJavaProjectConfigurator - Adding resource folder /Sh_Java_Merge-master/src/main/resources
2018-08-31 14:31:45,494 [Worker-9: Importing Maven projects] INFO  o.e.m.j.i.AbstractJavaProjectConfigurator - Adding source folder /Sh_Java_Merge-master/src/test/java
2018-08-31 14:31:46,944 [Worker-9: Importing Maven projects] INFO  o.e.m.c.i.p.ProjectConfigurationManager - Imported and configured 1 project(s) in 6 sec
2018-08-31 14:31:48,736 [Worker-1: Building workspace] INFO  o.e.m.c.i.embedder.EclipseLogger - Using 'UTF-8' encoding to copy filtered resources.
2018-08-31 14:31:48,741 [Worker-1: Building workspace] INFO  o.e.m.c.i.embedder.EclipseLogger - Copying 1 resource
2018-08-31 14:31:48,752 [Worker-1: Building workspace] INFO  o.e.m.c.i.embedder.EclipseLogger - Copying 0 resource
2018-08-31 14:31:48,754 [Worker-1: Building workspace] INFO  o.e.m.c.i.embedder.EclipseLogger - Using 'UTF-8' encoding to copy filtered resources.
2018-08-31 14:31:48,754 [Worker-1: Building workspace] INFO  o.e.m.c.i.embedder.EclipseLogger - skip non existing resourceDirectory D:\Dropbox\Programming Courses\WOZ U\JAVA\TeamFinalProject\SchufferMergedProject\Sh_Java_Merge\Sh_Java_Merge-master\src\test\resources
2018-08-31 23:43:32,785 [Worker-89: Building workspace] INFO  o.e.m.c.i.embedder.EclipseLogger - Using 'UTF-8' encoding to copy filtered resources.
2018-08-31 23:43:32,904 [Worker-89: Building workspace] INFO  o.e.m.c.i.embedder.EclipseLogger - Copying 1 resource
2018-08-31 23:43:33,168 [Worker-89: Building workspace] INFO  o.e.m.c.i.embedder.EclipseLogger - Copying 0 resource
2018-08-31 23:43:33,175 [Worker-89: Building workspace] INFO  o.e.m.c.i.embedder.EclipseLogger - Using 'UTF-8' encoding to copy filtered resources.
2018-08-31 23:43:33,176 [Worker-89: Building workspace] INFO  o.e.m.c.i.embedder.EclipseLogger - skip non existing resourceDirectory D:\Dropbox\Programming Courses\WOZ U\JAVA\TeamFinalProject\SchufferMergedProject\Sh_Java_Merge\Sh_Java_Merge-master\src\test\resources
2018-08-31 23:58:06,449 [Worker-80: Building workspace] INFO  o.e.m.c.i.embedder.EclipseLogger - Using 'UTF-8' encoding to copy filtered resources.
2018-08-31 23:58:06,450 [Worker-80: Building workspace] INFO  o.e.m.c.i.embedder.EclipseLogger - Copying 1 resource
2018-08-31 23:58:06,451 [Worker-80: Building workspace] INFO  o.e.m.c.i.embedder.EclipseLogger - Copying 0 resource
2018-08-31 23:58:06,453 [Worker-80: Building workspace] INFO  o.e.m.c.i.embedder.EclipseLogger - Using 'UTF-8' encoding to copy filtered resources.
2018-08-31 23:58:06,453 [Worker-80: Building workspace] INFO  o.e.m.c.i.embedder.EclipseLogger - skip non existing resourceDirectory D:\Dropbox\Programming Courses\WOZ U\JAVA\TeamFinalProject\SchufferMergedProject\Sh_Java_Merge\Sh_Java_Merge-master\src\test\resources
2018-08-31 23:58:07,991 [Worker-91: Building workspace] INFO  o.e.m.c.i.embedder.EclipseLogger - Using 'UTF-8' encoding to copy filtered resources.
2018-08-31 23:58:07,991 [Worker-91: Building workspace] INFO  o.e.m.c.i.embedder.EclipseLogger - Copying 0 resource
2018-08-31 23:58:07,991 [Worker-91: Building workspace] INFO  o.e.m.c.i.embedder.EclipseLogger - Copying 0 resource
2018-08-31 23:58:07,994 [Worker-91: Building workspace] INFO  o.e.m.c.i.embedder.EclipseLogger - Using 'UTF-8' encoding to copy filtered resources.
2018-08-31 23:58:07,994 [Worker-91: Building workspace] INFO  o.e.m.c.i.embedder.EclipseLogger - skip non existing resourceDirectory D:\Dropbox\Programming Courses\WOZ U\JAVA\TeamFinalProject\SchufferMergedProject\Sh_Java_Merge\Sh_Java_Merge-master\src\test\resources
2018-09-01 00:47:01,177 [Worker-2: Building workspace] INFO  o.e.m.c.i.embedder.EclipseLogger - Using 'UTF-8' encoding to copy filtered resources.
2018-09-01 00:47:01,178 [Worker-2: Building workspace] INFO  o.e.m.c.i.embedder.EclipseLogger - Copying 1 resource
2018-09-01 00:47:01,180 [Worker-2: Building workspace] INFO  o.e.m.c.i.embedder.EclipseLogger - Copying 0 resource
2018-09-01 00:47:01,182 [Worker-2: Building workspace] INFO  o.e.m.c.i.embedder.EclipseLogger - Using 'UTF-8' encoding to copy filtered resources.
2018-09-01 00:47:01,182 [Worker-2: Building workspace] INFO  o.e.m.c.i.embedder.EclipseLogger - skip non existing resourceDirectory D:\Dropbox\Programming Courses\WOZ U\JAVA\TeamFinalProject\SchufferMergedProject\Sh_Java_Merge\Sh_Java_Merge-master\src\test\resources
2018-09-01 00:47:02,625 [Worker-2: Building workspace] INFO  o.e.m.c.i.embedder.EclipseLogger - Using 'UTF-8' encoding to copy filtered resources.
2018-09-01 00:47:02,625 [Worker-2: Building workspace] INFO  o.e.m.c.i.embedder.EclipseLogger - Copying 0 resource
2018-09-01 00:47:02,625 [Worker-2: Building workspace] INFO  o.e.m.c.i.embedder.EclipseLogger - Copying 0 resource
2018-09-01 00:47:02,626 [Worker-2: Building workspace] INFO  o.e.m.c.i.embedder.EclipseLogger - Using 'UTF-8' encoding to copy filtered resources.
2018-09-01 00:47:02,626 [Worker-2: Building workspace] INFO  o.e.m.c.i.embedder.EclipseLogger - skip non existing resourceDirectory D:\Dropbox\Programming Courses\WOZ U\JAVA\TeamFinalProject\SchufferMergedProject\Sh_Java_Merge\Sh_Java_Merge-master\src\test\resources
2018-09-04 14:33:21,885 [Worker-4: Loading available Gradle versions] INFO  c.g.t.t.d.PublishedGradleVersions - Gradle version information cache is out-of-date. Trying to update.
2018-09-04 14:33:35,616 [Worker-13: Building workspace] INFO  o.e.m.c.i.l.LifecycleMappingFactory - Using org.eclipse.m2e.jdt.JarLifecycleMapping lifecycle mapping for MavenProject: com.example:JobList:0.0.1-SNAPSHOT @ D:\Dropbox\Programming Courses\WOZ U\JAVA\TeamFinalProject\SchufferMergedProject\Sh_Java_Merge\Sh_Java_Merge-master\pom.xml.
2018-09-04 14:33:37,075 [Worker-13: Building workspace] INFO  o.e.m.c.i.embedder.EclipseLogger - Using 'UTF-8' encoding to copy filtered resources.
2018-09-04 14:33:37,080 [Worker-13: Building workspace] INFO  o.e.m.c.i.embedder.EclipseLogger - Copying 1 resource
2018-09-04 14:33:37,125 [Worker-13: Building workspace] INFO  o.e.m.c.i.embedder.EclipseLogger - Copying 0 resource
2018-09-04 14:33:37,129 [Worker-13: Building workspace] INFO  o.e.m.c.i.embedder.EclipseLogger - Using 'UTF-8' encoding to copy filtered resources.
2018-09-04 14:33:37,129 [Worker-13: Building workspace] INFO  o.e.m.c.i.embedder.EclipseLogger - skip non existing resourceDirectory D:\Dropbox\Programming Courses\WOZ U\JAVA\TeamFinalProject\SchufferMergedProject\Sh_Java_Merge\Sh_Java_Merge-master\src\test\resources
2018-09-04 14:33:37,880 [Worker-28: Building workspace] INFO  o.e.m.c.i.l.LifecycleMappingFactory - Using org.eclipse.m2e.jdt.JarLifecycleMapping lifecycle mapping for MavenProject: com.example:JobList:0.0.1-SNAPSHOT @ D:\Dropbox\Programming Courses\WOZ U\JAVA\TeamFinalProject\SchufferMergedProject\Sh_Java_Merge\Sh_Java_Merge-master\pom.xml.
2018-09-04 14:33:38,434 [Worker-28: Building workspace] INFO  o.e.m.c.i.embedder.EclipseLogger - Using 'UTF-8' encoding to copy filtered resources.
2018-09-04 14:33:38,437 [Worker-28: Building workspace] INFO  o.e.m.c.i.embedder.EclipseLogger - Copying 0 resource
2018-09-04 14:33:38,437 [Worker-28: Building workspace] INFO  o.e.m.c.i.embedder.EclipseLogger - Copying 0 resource
2018-09-04 14:33:38,463 [Worker-28: Building workspace] INFO  o.e.m.c.i.embedder.EclipseLogger - Using 'UTF-8' encoding to copy filtered resources.
2018-09-04 14:33:38,464 [Worker-28: Building workspace] INFO  o.e.m.c.i.embedder.EclipseLogger - skip non existing resourceDirectory D:\Dropbox\Programming Courses\WOZ U\JAVA\TeamFinalProject\SchufferMergedProject\Sh_Java_Merge\Sh_Java_Merge-master\src\test\resources
2018-09-04 14:33:40,987 [Worker-14: Building workspace] INFO  o.e.m.c.i.embedder.EclipseLogger - Using 'UTF-8' encoding to copy filtered resources.
2018-09-04 14:33:40,988 [Worker-14: Building workspace] INFO  o.e.m.c.i.embedder.EclipseLogger - Copying 1 resource
2018-09-04 14:33:40,998 [Worker-14: Building workspace] INFO  o.e.m.c.i.embedder.EclipseLogger - Copying 0 resource
2018-09-04 14:33:41,000 [Worker-14: Building workspace] INFO  o.e.m.c.i.embedder.EclipseLogger - Using 'UTF-8' encoding to copy filtered resources.
2018-09-04 14:33:41,000 [Worker-14: Building workspace] INFO  o.e.m.c.i.embedder.EclipseLogger - skip non existing resourceDirectory D:\Dropbox\Programming Courses\WOZ U\JAVA\TeamFinalProject\SchufferMergedProject\Sh_Java_Merge\Sh_Java_Merge-master\src\test\resources
2018-09-04 15:46:24,196 [Worker-60: Building workspace] INFO  o.e.m.c.i.embedder.EclipseLogger - Using 'UTF-8' encoding to copy filtered resources.
2018-09-04 15:46:24,198 [Worker-60: Building workspace] INFO  o.e.m.c.i.embedder.EclipseLogger - Copying 1 resource
2018-09-04 15:46:24,200 [Worker-60: Building workspace] INFO  o.e.m.c.i.embedder.EclipseLogger - Copying 0 resource
2018-09-04 15:46:24,201 [Worker-60: Building workspace] INFO  o.e.m.c.i.embedder.EclipseLogger - Using 'UTF-8' encoding to copy filtered resources.
2018-09-04 15:46:24,201 [Worker-60: Building workspace] INFO  o.e.m.c.i.embedder.EclipseLogger - skip non existing resourceDirectory D:\Dropbox\Programming Courses\WOZ U\JAVA\TeamFinalProject\SchufferMergedProject\Sh_Java_Merge\Sh_Java_Merge-master\src\test\resources
2018-09-04 15:46:25,866 [Worker-60: Building workspace] INFO  o.e.m.c.i.embedder.EclipseLogger - Using 'UTF-8' encoding to copy filtered resources.
2018-09-04 15:46:25,866 [Worker-60: Building workspace] INFO  o.e.m.c.i.embedder.EclipseLogger - Copying 0 resource
2018-09-04 15:46:25,866 [Worker-60: Building workspace] INFO  o.e.m.c.i.embedder.EclipseLogger - Copying 0 resource
2018-09-04 15:46:25,867 [Worker-60: Building workspace] INFO  o.e.m.c.i.embedder.EclipseLogger - Using 'UTF-8' encoding to copy filtered resources.
2018-09-04 15:46:25,867 [Worker-60: Building workspace] INFO  o.e.m.c.i.embedder.EclipseLogger - skip non existing resourceDirectory D:\Dropbox\Programming Courses\WOZ U\JAVA\TeamFinalProject\SchufferMergedProject\Sh_Java_Merge\Sh_Java_Merge-master\src\test\resources
2018-09-04 15:47:12,213 [Worker-59: Building workspace] INFO  o.e.m.c.i.embedder.EclipseLogger - Using 'UTF-8' encoding to copy filtered resources.
2018-09-04 15:47:12,213 [Worker-59: Building workspace] INFO  o.e.m.c.i.embedder.EclipseLogger - Copying 1 resource
2018-09-04 15:47:12,215 [Worker-59: Building workspace] INFO  o.e.m.c.i.embedder.EclipseLogger - Copying 0 resource
2018-09-04 15:47:12,217 [Worker-59: Building workspace] INFO  o.e.m.c.i.embedder.EclipseLogger - Using 'UTF-8' encoding to copy filtered resources.
2018-09-04 15:47:12,217 [Worker-59: Building workspace] INFO  o.e.m.c.i.embedder.EclipseLogger - skip non existing resourceDirectory D:\Dropbox\Programming Courses\WOZ U\JAVA\TeamFinalProject\SchufferMergedProject\Sh_Java_Merge\Sh_Java_Merge-master\src\test\resources
2018-09-04 16:16:27,161 [Worker-69: Building workspace] INFO  o.e.m.c.i.embedder.EclipseLogger - Using 'UTF-8' encoding to copy filtered resources.
2018-09-04 16:16:27,162 [Worker-69: Building workspace] INFO  o.e.m.c.i.embedder.EclipseLogger - Copying 1 resource
2018-09-04 16:16:27,164 [Worker-69: Building workspace] INFO  o.e.m.c.i.embedder.EclipseLogger - Copying 0 resource
2018-09-04 16:16:27,165 [Worker-69: Building workspace] INFO  o.e.m.c.i.embedder.EclipseLogger - Using 'UTF-8' encoding to copy filtered resources.
2018-09-04 16:16:27,165 [Worker-69: Building workspace] INFO  o.e.m.c.i.embedder.EclipseLogger - skip non existing resourceDirectory D:\Dropbox\Programming Courses\WOZ U\JAVA\TeamFinalProject\SchufferMergedProject\Sh_Java_Merge\Sh_Java_Merge-master\src\test\resources
2018-09-04 16:16:28,605 [Worker-1: Building workspace] INFO  o.e.m.c.i.embedder.EclipseLogger - Using 'UTF-8' encoding to copy filtered resources.
2018-09-04 16:16:28,605 [Worker-1: Building workspace] INFO  o.e.m.c.i.embedder.EclipseLogger - Copying 0 resource
2018-09-04 16:16:28,605 [Worker-1: Building workspace] INFO  o.e.m.c.i.embedder.EclipseLogger - Copying 0 resource
2018-09-04 16:16:28,607 [Worker-1: Building workspace] INFO  o.e.m.c.i.embedder.EclipseLogger - Using 'UTF-8' encoding to copy filtered resources.
2018-09-04 16:16:28,607 [Worker-1: Building workspace] INFO  o.e.m.c.i.embedder.EclipseLogger - skip non existing resourceDirectory D:\Dropbox\Programming Courses\WOZ U\JAVA\TeamFinalProject\SchufferMergedProject\Sh_Java_Merge\Sh_Java_Merge-master\src\test\resources
2018-09-04 16:17:56,670 [Worker-65: Building workspace] INFO  o.e.m.c.i.embedder.EclipseLogger - Using 'UTF-8' encoding to copy filtered resources.
2018-09-04 16:17:56,671 [Worker-65: Building workspace] INFO  o.e.m.c.i.embedder.EclipseLogger - Copying 1 resource
2018-09-04 16:17:56,673 [Worker-65: Building workspace] INFO  o.e.m.c.i.embedder.EclipseLogger - Copying 0 resource
2018-09-04 16:17:56,674 [Worker-65: Building workspace] INFO  o.e.m.c.i.embedder.EclipseLogger - Using 'UTF-8' encoding to copy filtered resources.
2018-09-04 16:17:56,675 [Worker-65: Building workspace] INFO  o.e.m.c.i.embedder.EclipseLogger - skip non existing resourceDirectory D:\Dropbox\Programming Courses\WOZ U\JAVA\TeamFinalProject\SchufferMergedProject\Sh_Java_Merge\Sh_Java_Merge-master\src\test\resources
2018-09-04 16:20:02,562 [Worker-73: Building workspace] INFO  o.e.m.c.i.embedder.EclipseLogger - Using 'UTF-8' encoding to copy filtered resources.
2018-09-04 16:20:02,563 [Worker-73: Building workspace] INFO  o.e.m.c.i.embedder.EclipseLogger - Copying 1 resource
2018-09-04 16:20:02,564 [Worker-73: Building workspace] INFO  o.e.m.c.i.embedder.EclipseLogger - Copying 0 resource
2018-09-04 16:20:02,566 [Worker-73: Building workspace] INFO  o.e.m.c.i.embedder.EclipseLogger - Using 'UTF-8' encoding to copy filtered resources.
2018-09-04 16:20:02,566 [Worker-73: Building workspace] INFO  o.e.m.c.i.embedder.EclipseLogger - skip non existing resourceDirectory D:\Dropbox\Programming Courses\WOZ U\JAVA\TeamFinalProject\SchufferMergedProject\Sh_Java_Merge\Sh_Java_Merge-master\src\test\resources
2018-09-04 16:23:21,300 [Worker-65: Building workspace] INFO  o.e.m.c.i.embedder.EclipseLogger - Using 'UTF-8' encoding to copy filtered resources.
2018-09-04 16:23:21,301 [Worker-65: Building workspace] INFO  o.e.m.c.i.embedder.EclipseLogger - Copying 1 resource
2018-09-04 16:23:21,303 [Worker-65: Building workspace] INFO  o.e.m.c.i.embedder.EclipseLogger - Copying 0 resource
2018-09-04 16:23:21,306 [Worker-65: Building workspace] INFO  o.e.m.c.i.embedder.EclipseLogger - Using 'UTF-8' encoding to copy filtered resources.
2018-09-04 16:23:21,306 [Worker-65: Building workspace] INFO  o.e.m.c.i.embedder.EclipseLogger - skip non existing resourceDirectory D:\Dropbox\Programming Courses\WOZ U\JAVA\TeamFinalProject\SchufferMergedProject\Sh_Java_Merge\Sh_Java_Merge-master\src\test\resources
2018-09-04 16:23:23,391 [Worker-75: Building workspace] INFO  o.e.m.c.i.embedder.EclipseLogger - Using 'UTF-8' encoding to copy filtered resources.
2018-09-04 16:23:23,391 [Worker-75: Building workspace] INFO  o.e.m.c.i.embedder.EclipseLogger - Copying 0 resource
2018-09-04 16:23:23,391 [Worker-75: Building workspace] INFO  o.e.m.c.i.embedder.EclipseLogger - Copying 0 resource
2018-09-04 16:23:23,393 [Worker-75: Building workspace] INFO  o.e.m.c.i.embedder.EclipseLogger - Using 'UTF-8' encoding to copy filtered resources.
2018-09-04 16:23:23,393 [Worker-75: Building workspace] INFO  o.e.m.c.i.embedder.EclipseLogger - skip non existing resourceDirectory D:\Dropbox\Programming Courses\WOZ U\JAVA\TeamFinalProject\SchufferMergedProject\Sh_Java_Merge\Sh_Java_Merge-master\src\test\resources
2018-09-04 16:52:04,843 [Worker-93: Building workspace] INFO  o.e.m.c.i.embedder.EclipseLogger - Using 'UTF-8' encoding to copy filtered resources.
2018-09-04 16:52:04,844 [Worker-93: Building workspace] INFO  o.e.m.c.i.embedder.EclipseLogger - Copying 1 resource
2018-09-04 16:52:04,845 [Worker-93: Building workspace] INFO  o.e.m.c.i.embedder.EclipseLogger - Copying 0 resource
2018-09-04 16:52:04,847 [Worker-93: Building workspace] INFO  o.e.m.c.i.embedder.EclipseLogger - Using 'UTF-8' encoding to copy filtered resources.
2018-09-04 16:52:04,847 [Worker-93: Building workspace] INFO  o.e.m.c.i.embedder.EclipseLogger - skip non existing resourceDirectory D:\Dropbox\Programming Courses\WOZ U\JAVA\TeamFinalProject\SchufferMergedProject\Sh_Java_Merge\Sh_Java_Merge-master\src\test\resources
2018-09-04 16:52:06,942 [Worker-94: Building workspace] INFO  o.e.m.c.i.embedder.EclipseLogger - Using 'UTF-8' encoding to copy filtered resources.
2018-09-04 16:52:06,942 [Worker-94: Building workspace] INFO  o.e.m.c.i.embedder.EclipseLogger - Copying 0 resource
2018-09-04 16:52:06,942 [Worker-94: Building workspace] INFO  o.e.m.c.i.embedder.EclipseLogger - Copying 0 resource
2018-09-04 16:52:06,944 [Worker-94: Building workspace] INFO  o.e.m.c.i.embedder.EclipseLogger - Using 'UTF-8' encoding to copy filtered resources.
2018-09-04 16:52:06,944 [Worker-94: Building workspace] INFO  o.e.m.c.i.embedder.EclipseLogger - skip non existing resourceDirectory D:\Dropbox\Programming Courses\WOZ U\JAVA\TeamFinalProject\SchufferMergedProject\Sh_Java_Merge\Sh_Java_Merge-master\src\test\resources
2018-09-04 16:57:11,676 [Worker-97: Building workspace] INFO  o.e.m.c.i.embedder.EclipseLogger - Using 'UTF-8' encoding to copy filtered resources.
2018-09-04 16:57:11,676 [Worker-97: Building workspace] INFO  o.e.m.c.i.embedder.EclipseLogger - Copying 1 resource
2018-09-04 16:57:11,678 [Worker-97: Building workspace] INFO  o.e.m.c.i.embedder.EclipseLogger - Copying 0 resource
2018-09-04 16:57:11,680 [Worker-97: Building workspace] INFO  o.e.m.c.i.embedder.EclipseLogger - Using 'UTF-8' encoding to copy filtered resources.
2018-09-04 16:57:11,680 [Worker-97: Building workspace] INFO  o.e.m.c.i.embedder.EclipseLogger - skip non existing resourceDirectory D:\Dropbox\Programming Courses\WOZ U\JAVA\TeamFinalProject\SchufferMergedProject\Sh_Java_Merge\Sh_Java_Merge-master\src\test\resources
2018-09-04 19:40:22,148 [Worker-149: Building workspace] INFO  o.e.m.c.i.embedder.EclipseLogger - Using 'UTF-8' encoding to copy filtered resources.
2018-09-04 19:40:22,150 [Worker-149: Building workspace] INFO  o.e.m.c.i.embedder.EclipseLogger - Copying 0 resource
2018-09-04 19:40:22,151 [Worker-149: Building workspace] INFO  o.e.m.c.i.embedder.EclipseLogger - Copying 0 resource
2018-09-04 19:40:22,157 [Worker-149: Building workspace] INFO  o.e.m.c.i.embedder.EclipseLogger - Using 'UTF-8' encoding to copy filtered resources.
2018-09-04 19:40:22,158 [Worker-149: Building workspace] INFO  o.e.m.c.i.embedder.EclipseLogger - skip non existing resourceDirectory D:\Dropbox\Programming Courses\WOZ U\JAVA\TeamFinalProject\SchufferMergedProject\Sh_Java_Merge\Sh_Java_Merge-master\src\test\resources
2018-09-04 21:17:37,851 [Worker-97: Building workspace] INFO  o.e.m.c.i.embedder.EclipseLogger - Using 'UTF-8' encoding to copy filtered resources.
2018-09-04 21:17:37,853 [Worker-97: Building workspace] INFO  o.e.m.c.i.embedder.EclipseLogger - Copying 1 resource
2018-09-04 21:17:37,855 [Worker-97: Building workspace] INFO  o.e.m.c.i.embedder.EclipseLogger - Copying 0 resource
2018-09-04 21:17:37,857 [Worker-97: Building workspace] INFO  o.e.m.c.i.embedder.EclipseLogger - Using 'UTF-8' encoding to copy filtered resources.
2018-09-04 21:17:37,857 [Worker-97: Building workspace] INFO  o.e.m.c.i.embedder.EclipseLogger - skip non existing resourceDirectory D:\Dropbox\Programming Courses\WOZ U\JAVA\TeamFinalProject\SchufferMergedProject\Sh_Java_Merge\Sh_Java_Merge-master\src\test\resources
